<?xml version="1.0" encoding="UTF-8"?>
<!-- Generated by org.testng.reporters.JUnitXMLReporter -->
<testsuite hostname="DESKTOP-IILGG0H" ignored="0" name="TestngTests" tests="12" failures="0" timestamp="16 Mar 2020 20:08:21 GMT" time="441.988" errors="0">
  <testcase name="Negative_InvalidHSNTSN" time="20.994" classname="org.com.friday.carlookup.scripts.NegativeScenario"/>
  <testcase name="Negative_InvalidRegDate" time="10.481" classname="org.com.friday.carlookup.scripts.NegativeScenario"/>
  <testcase name="Negative_Under18DOB" time="19.013" classname="org.com.friday.carlookup.scripts.NegativeScenario"/>
  <testcase name="CarLookupPositive" time="17.971" classname="org.com.friday.carlookup.scripts.PositiveScenario"/>
  <testcase name="CarLookupPositive" time="17.046" classname="org.com.friday.carlookup.scripts.PositiveScenario"/>
  <testcase name="CarLookupPositive" time="17.905" classname="org.com.friday.carlookup.scripts.PositiveScenario"/>
  <testcase name="CarLookupPositive" time="18.263" classname="org.com.friday.carlookup.scripts.PositiveScenario"/>
  <testcase name="CarLookupPositive" time="81.722" classname="org.com.friday.carlookup.scripts.PositiveScenario"/>
  <testcase name="CarLookupPositive" time="17.58" classname="org.com.friday.carlookup.scripts.PositiveScenario"/>
  <testcase name="CarLookupPositive" time="18.042" classname="org.com.friday.carlookup.scripts.PositiveScenario"/>
  <testcase name="CarLookupPositive" time="17.308" classname="org.com.friday.carlookup.scripts.PositiveScenario"/>
  <testcase name="CarLookupPositive" time="19.94" classname="org.com.friday.carlookup.scripts.PositiveScenario"/>
</testsuite> <!-- TestngTests -->
