<?xml version="1.0" encoding="UTF-8"?>
<!-- Generated by org.testng.reporters.JUnitXMLReporter -->
<testsuite hostname="DESKTOP-IILGG0H" ignored="0" name="TestngTests" tests="12" failures="0" timestamp="17 Mar 2020 06:05:48 GMT" time="398.127" errors="0">
  <testcase name="Negative_InvalidHSNTSN" time="18.86" classname="org.com.friday.carlookup.scripts.NegativeScenario"/>
  <testcase name="Negative_InvalidRegDate" time="10.086" classname="org.com.friday.carlookup.scripts.NegativeScenario"/>
  <testcase name="Negative_Under18DOB" time="23.496" classname="org.com.friday.carlookup.scripts.NegativeScenario"/>
  <testcase name="CarLookupPositive" time="20.628" classname="org.com.friday.carlookup.scripts.PositiveScenario"/>
  <testcase name="CarLookupPositive" time="20.497" classname="org.com.friday.carlookup.scripts.PositiveScenario"/>
  <testcase name="CarLookupPositive" time="20.629" classname="org.com.friday.carlookup.scripts.PositiveScenario"/>
  <testcase name="CarLookupPositive" time="23.162" classname="org.com.friday.carlookup.scripts.PositiveScenario"/>
  <testcase name="CarLookupPositive" time="21.51" classname="org.com.friday.carlookup.scripts.PositiveScenario"/>
  <testcase name="CarLookupPositive" time="20.054" classname="org.com.friday.carlookup.scripts.PositiveScenario"/>
  <testcase name="CarLookupPositive" time="22.337" classname="org.com.friday.carlookup.scripts.PositiveScenario"/>
  <testcase name="CarLookupPositive" time="21.033" classname="org.com.friday.carlookup.scripts.PositiveScenario"/>
  <testcase name="CarLookupPositive" time="22.754" classname="org.com.friday.carlookup.scripts.PositiveScenario"/>
</testsuite> <!-- TestngTests -->
