<?xml version="1.0" encoding="UTF-8"?>
<testng-results skipped="0" failed="0" ignored="0" total="12" passed="12">
  <reporter-output>
    <line>
      <![CDATA[Inside Negative_InvalidHSNTSN method]]>
    </line>
    <line>
      <![CDATA[Inside clickOnLandingbanner method]]>
    </line>
    <line>
      <![CDATA[Inside selectPreCondition method]]>
    </line>
    <line>
      <![CDATA[Inside clickOnSubmit method]]>
    </line>
    <line>
      <![CDATA[Inside selectRegisteredOwner method]]>
    </line>
    <line>
      <![CDATA[Inside clickOnSubmit method]]>
    </line>
    <line>
      <![CDATA[Inside enterHSNTSN method]]>
    </line>
    <line>
      <![CDATA[Expected Message:::: Wir konnten kein passendes Fahrzeug ermitteln. Bitte gib nur PKW ein - keine Roller, Motorräder, LKW, Wohnmobile oder Anhänger.]]>
    </line>
    <line>
      <![CDATA[Actual Message:::: Wir konnten kein passendes Fahrzeug ermitteln. Bitte gib nur PKW ein - keine Roller, Motorräder, LKW, Wohnmobile oder Anhänger.]]>
    </line>
    <line>
      <![CDATA[Inside Negative_InvalidRegDate method]]>
    </line>
    <line>
      <![CDATA[Inside clickOnLandingbanner method]]>
    </line>
    <line>
      <![CDATA[Inside enterRegistrationDate method]]>
    </line>
    <line>
      <![CDATA[Expected Message:::: Hups! Dieses Datum liegt in der Vergangenheit. Bitte überprüfe deine Eingabe.]]>
    </line>
    <line>
      <![CDATA[Actual Message:::: Hups! Dieses Datum liegt in der Vergangenheit. Bitte überprüfe deine Eingabe.]]>
    </line>
    <line>
      <![CDATA[Inside Negative_Under18DOB method]]>
    </line>
    <line>
      <![CDATA[Inside clickOnLandingbanner method]]>
    </line>
    <line>
      <![CDATA[Inside selectPreCondition method]]>
    </line>
    <line>
      <![CDATA[Inside clickOnSubmit method]]>
    </line>
    <line>
      <![CDATA[Inside selectRegisteredOwner method]]>
    </line>
    <line>
      <![CDATA[Inside clickOnSubmit method]]>
    </line>
    <line>
      <![CDATA[Inside selectVehicle method]]>
    </line>
    <line>
      <![CDATA[Inside clickOnSubmit method]]>
    </line>
    <line>
      <![CDATA[Inside validateAgeCriteria method]]>
    </line>
    <line>
      <![CDATA[Expected Message:::: Wir können keine Personen versichern, die jünger als 18 Jahre sind.]]>
    </line>
    <line>
      <![CDATA[Actual Message:::: Wir können keine Personen versichern, die jünger als 18 Jahre sind.]]>
    </line>
    <line>
      <![CDATA[Inside clickOnLandingbanner method]]>
    </line>
    <line>
      <![CDATA[Inside selectPreCondition method]]>
    </line>
    <line>
      <![CDATA[Inside clickOnSubmit method]]>
    </line>
    <line>
      <![CDATA[Inside selectRegisteredOwner method]]>
    </line>
    <line>
      <![CDATA[Inside clickOnSubmit method]]>
    </line>
    <line>
      <![CDATA[Inside selectVehicle method]]>
    </line>
    <line>
      <![CDATA[Inside clickOnSubmit method]]>
    </line>
    <line>
      <![CDATA[Inside clickOnLandingbanner method]]>
    </line>
    <line>
      <![CDATA[Inside selectPreCondition method]]>
    </line>
    <line>
      <![CDATA[Inside clickOnSubmit method]]>
    </line>
    <line>
      <![CDATA[Inside selectRegisteredOwner method]]>
    </line>
    <line>
      <![CDATA[Inside clickOnSubmit method]]>
    </line>
    <line>
      <![CDATA[Inside selectVehicle method]]>
    </line>
    <line>
      <![CDATA[Inside clickOnSubmit method]]>
    </line>
    <line>
      <![CDATA[Inside clickOnLandingbanner method]]>
    </line>
    <line>
      <![CDATA[Inside selectPreCondition method]]>
    </line>
    <line>
      <![CDATA[Inside clickOnSubmit method]]>
    </line>
    <line>
      <![CDATA[Inside selectRegisteredOwner method]]>
    </line>
    <line>
      <![CDATA[Inside clickOnSubmit method]]>
    </line>
    <line>
      <![CDATA[Inside selectVehicle method]]>
    </line>
    <line>
      <![CDATA[Inside clickOnSubmit method]]>
    </line>
    <line>
      <![CDATA[Inside clickOnLandingbanner method]]>
    </line>
    <line>
      <![CDATA[Inside selectPreCondition method]]>
    </line>
    <line>
      <![CDATA[Inside clickOnSubmit method]]>
    </line>
    <line>
      <![CDATA[Inside selectRegisteredOwner method]]>
    </line>
    <line>
      <![CDATA[Inside clickOnSubmit method]]>
    </line>
    <line>
      <![CDATA[Inside selectVehicle method]]>
    </line>
    <line>
      <![CDATA[Inside clickOnSubmit method]]>
    </line>
    <line>
      <![CDATA[Inside clickOnLandingbanner method]]>
    </line>
    <line>
      <![CDATA[Inside selectPreCondition method]]>
    </line>
    <line>
      <![CDATA[Inside clickOnSubmit method]]>
    </line>
    <line>
      <![CDATA[Inside selectRegisteredOwner method]]>
    </line>
    <line>
      <![CDATA[Inside clickOnSubmit method]]>
    </line>
    <line>
      <![CDATA[Inside selectVehicle method]]>
    </line>
    <line>
      <![CDATA[Inside clickOnSubmit method]]>
    </line>
    <line>
      <![CDATA[Inside clickOnLandingbanner method]]>
    </line>
    <line>
      <![CDATA[Inside selectPreCondition method]]>
    </line>
    <line>
      <![CDATA[Inside clickOnSubmit method]]>
    </line>
    <line>
      <![CDATA[Inside selectRegisteredOwner method]]>
    </line>
    <line>
      <![CDATA[Inside clickOnSubmit method]]>
    </line>
    <line>
      <![CDATA[Inside selectVehicle method]]>
    </line>
    <line>
      <![CDATA[Inside clickOnSubmit method]]>
    </line>
    <line>
      <![CDATA[Inside clickOnLandingbanner method]]>
    </line>
    <line>
      <![CDATA[Inside selectPreCondition method]]>
    </line>
    <line>
      <![CDATA[Inside clickOnSubmit method]]>
    </line>
    <line>
      <![CDATA[Inside selectRegisteredOwner method]]>
    </line>
    <line>
      <![CDATA[Inside clickOnSubmit method]]>
    </line>
    <line>
      <![CDATA[Inside selectVehicle method]]>
    </line>
    <line>
      <![CDATA[Inside clickOnSubmit method]]>
    </line>
    <line>
      <![CDATA[Inside clickOnLandingbanner method]]>
    </line>
    <line>
      <![CDATA[Inside selectPreCondition method]]>
    </line>
    <line>
      <![CDATA[Inside clickOnSubmit method]]>
    </line>
    <line>
      <![CDATA[Inside selectRegisteredOwner method]]>
    </line>
    <line>
      <![CDATA[Inside clickOnSubmit method]]>
    </line>
    <line>
      <![CDATA[Inside selectVehicle method]]>
    </line>
    <line>
      <![CDATA[Inside clickOnSubmit method]]>
    </line>
    <line>
      <![CDATA[Inside clickOnLandingbanner method]]>
    </line>
    <line>
      <![CDATA[Inside selectPreCondition method]]>
    </line>
    <line>
      <![CDATA[Inside clickOnSubmit method]]>
    </line>
    <line>
      <![CDATA[Inside selectRegisteredOwner method]]>
    </line>
    <line>
      <![CDATA[Inside clickOnSubmit method]]>
    </line>
    <line>
      <![CDATA[Inside selectVehicle method]]>
    </line>
    <line>
      <![CDATA[Inside clickOnSubmit method]]>
    </line>
  </reporter-output>
  <suite name="BookingTests" duration-ms="398127" started-at="2020-03-17T05:59:10Z" finished-at="2020-03-17T06:05:48Z">
    <groups>
      <group name="negative">
        <method signature="NegativeScenario.Negative_InvalidHSNTSN()[pri:0, instance:org.com.friday.carlookup.scripts.NegativeScenario@5e3a39cd]" name="Negative_InvalidHSNTSN" class="org.com.friday.carlookup.scripts.NegativeScenario"/>
        <method signature="NegativeScenario.Negative_InvalidRegDate()[pri:0, instance:org.com.friday.carlookup.scripts.NegativeScenario@5e3a39cd]" name="Negative_InvalidRegDate" class="org.com.friday.carlookup.scripts.NegativeScenario"/>
        <method signature="NegativeScenario.Negative_Under18DOB(java.lang.String, java.lang.String, java.lang.String, java.lang.String, java.lang.String, java.lang.String, java.lang.String, java.lang.String, java.lang.String, java.lang.String, java.lang.String)[pri:0, instance:org.com.friday.carlookup.scripts.NegativeScenario@5e3a39cd]" name="Negative_Under18DOB" class="org.com.friday.carlookup.scripts.NegativeScenario"/>
      </group> <!-- negative -->
      <group name="positive">
        <method signature="PositiveScenario.CarLookupPositive(java.lang.String, java.lang.String, java.lang.String, java.lang.String, java.lang.String, java.lang.String, java.lang.String, java.lang.String, java.lang.String, java.lang.String, java.lang.String)[pri:0, instance:org.com.friday.carlookup.scripts.PositiveScenario@21f9277b]" name="CarLookupPositive" class="org.com.friday.carlookup.scripts.PositiveScenario"/>
      </group> <!-- positive -->
    </groups>
    <test name="TestngTests" duration-ms="398127" started-at="2020-03-17T05:59:10Z" finished-at="2020-03-17T06:05:48Z">
      <class name="org.com.friday.carlookup.scripts.PositiveScenario">
        <test-method status="PASS" signature="setup(java.lang.String)[pri:0, instance:org.com.friday.carlookup.scripts.PositiveScenario@21f9277b]" name="setup" is-config="true" duration-ms="10173" started-at="2020-03-17T11:30:46Z" finished-at="2020-03-17T11:30:57Z">
          <params>
            <param index="0">
              <value>
                <![CDATA[chrome]]>
              </value>
            </param>
          </params>
          <reporter-output>
          </reporter-output>
        </test-method> <!-- setup -->
        <test-method status="PASS" signature="CarLookupPositive(java.lang.String, java.lang.String, java.lang.String, java.lang.String, java.lang.String, java.lang.String, java.lang.String, java.lang.String, java.lang.String, java.lang.String, java.lang.String)[pri:0, instance:org.com.friday.carlookup.scripts.PositiveScenario@21f9277b]" name="CarLookupPositive" duration-ms="20628" started-at="2020-03-17T11:30:57Z" data-provider="data-provider" finished-at="2020-03-17T11:31:17Z">
          <params>
            <param index="0">
              <value>
                <![CDATA[CarLookupPositive]]>
              </value>
            </param>
            <param index="1">
              <value>
                <![CDATA[Audi]]>
              </value>
            </param>
            <param index="2">
              <value>
                <![CDATA[Q5]]>
              </value>
            </param>
            <param index="3">
              <value>
                <![CDATA[NA]]>
              </value>
            </param>
            <param index="4">
              <value>
                <![CDATA[Benzin]]>
              </value>
            </param>
            <param index="5">
              <value>
                <![CDATA[132 kW / 179 PS]]>
              </value>
            </param>
            <param index="6">
              <value>
                <![CDATA[Q5 2.0 TFSI QUATTRO]]>
              </value>
            </param>
            <param index="7">
              <value>
                <![CDATA[HSN: 0588, TSN: ALG]]>
              </value>
            </param>
            <param index="8">
              <value>
                <![CDATA[02]]>
              </value>
            </param>
            <param index="9">
              <value>
                <![CDATA[2018]]>
              </value>
            </param>
            <param index="10">
              <value>
                <![CDATA[Y|Y|N]]>
              </value>
            </param>
          </params>
          <reporter-output>
            <line>
              <![CDATA[Inside clickOnLandingbanner method]]>
            </line>
            <line>
              <![CDATA[Inside selectPreCondition method]]>
            </line>
            <line>
              <![CDATA[Inside clickOnSubmit method]]>
            </line>
            <line>
              <![CDATA[Inside selectRegisteredOwner method]]>
            </line>
            <line>
              <![CDATA[Inside clickOnSubmit method]]>
            </line>
            <line>
              <![CDATA[Inside selectVehicle method]]>
            </line>
            <line>
              <![CDATA[Inside clickOnSubmit method]]>
            </line>
          </reporter-output>
        </test-method> <!-- CarLookupPositive -->
        <test-method status="PASS" signature="tearDown(org.testng.ITestResult)[pri:0, instance:org.com.friday.carlookup.scripts.PositiveScenario@21f9277b]" name="tearDown" is-config="true" duration-ms="4114" started-at="2020-03-17T11:31:17Z" finished-at="2020-03-17T11:31:21Z">
          <params>
            <param index="0">
              <value>
                <![CDATA[[TestResult name=CarLookupPositive status=SUCCESS method=PositiveScenario.CarLookupPositive(java.lang.String, java.lang.String, java.lang.String, java.lang.String, java.lang.String, java.lang.String, java.lang.String, java.lang.String, java.lang.String, java.lang.String, java.lang.String)[pri:0, instance:org.com.friday.carlookup.scripts.PositiveScenario@21f9277b] output=Inside clickOnLandingbanner method]]]>
              </value>
            </param>
          </params>
          <reporter-output>
          </reporter-output>
        </test-method> <!-- tearDown -->
        <test-method status="PASS" signature="setup(java.lang.String)[pri:0, instance:org.com.friday.carlookup.scripts.PositiveScenario@21f9277b]" name="setup" is-config="true" duration-ms="10191" started-at="2020-03-17T11:31:21Z" finished-at="2020-03-17T11:31:31Z">
          <params>
            <param index="0">
              <value>
                <![CDATA[chrome]]>
              </value>
            </param>
          </params>
          <reporter-output>
          </reporter-output>
        </test-method> <!-- setup -->
        <test-method status="PASS" signature="CarLookupPositive(java.lang.String, java.lang.String, java.lang.String, java.lang.String, java.lang.String, java.lang.String, java.lang.String, java.lang.String, java.lang.String, java.lang.String, java.lang.String)[pri:0, instance:org.com.friday.carlookup.scripts.PositiveScenario@21f9277b]" name="CarLookupPositive" duration-ms="20497" started-at="2020-03-17T11:31:31Z" data-provider="data-provider" finished-at="2020-03-17T11:31:52Z">
          <params>
            <param index="0">
              <value>
                <![CDATA[CarLookupPositive]]>
              </value>
            </param>
            <param index="1">
              <value>
                <![CDATA[Audi]]>
              </value>
            </param>
            <param index="2">
              <value>
                <![CDATA[Coupe]]>
              </value>
            </param>
            <param index="3">
              <value>
                <![CDATA[NA]]>
              </value>
            </param>
            <param index="4">
              <value>
                <![CDATA[NA]]>
              </value>
            </param>
            <param index="5">
              <value>
                <![CDATA[82 kW / 111 PS]]>
              </value>
            </param>
            <param index="6">
              <value>
                <![CDATA[AUDI 80/90 COUPE]]>
              </value>
            </param>
            <param index="7">
              <value>
                <![CDATA[HSN: 0588, TSN: 489]]>
              </value>
            </param>
            <param index="8">
              <value>
                <![CDATA[03]]>
              </value>
            </param>
            <param index="9">
              <value>
                <![CDATA[2018]]>
              </value>
            </param>
            <param index="10">
              <value>
                <![CDATA[Y|Y|N]]>
              </value>
            </param>
          </params>
          <reporter-output>
            <line>
              <![CDATA[Inside clickOnLandingbanner method]]>
            </line>
            <line>
              <![CDATA[Inside selectPreCondition method]]>
            </line>
            <line>
              <![CDATA[Inside clickOnSubmit method]]>
            </line>
            <line>
              <![CDATA[Inside selectRegisteredOwner method]]>
            </line>
            <line>
              <![CDATA[Inside clickOnSubmit method]]>
            </line>
            <line>
              <![CDATA[Inside selectVehicle method]]>
            </line>
            <line>
              <![CDATA[Inside clickOnSubmit method]]>
            </line>
          </reporter-output>
        </test-method> <!-- CarLookupPositive -->
        <test-method status="PASS" signature="tearDown(org.testng.ITestResult)[pri:0, instance:org.com.friday.carlookup.scripts.PositiveScenario@21f9277b]" name="tearDown" is-config="true" duration-ms="182" started-at="2020-03-17T11:31:52Z" finished-at="2020-03-17T11:31:52Z">
          <params>
            <param index="0">
              <value>
                <![CDATA[[TestResult name=CarLookupPositive status=SUCCESS method=PositiveScenario.CarLookupPositive(java.lang.String, java.lang.String, java.lang.String, java.lang.String, java.lang.String, java.lang.String, java.lang.String, java.lang.String, java.lang.String, java.lang.String, java.lang.String)[pri:0, instance:org.com.friday.carlookup.scripts.PositiveScenario@21f9277b] output=Inside clickOnLandingbanner method]]]>
              </value>
            </param>
          </params>
          <reporter-output>
          </reporter-output>
        </test-method> <!-- tearDown -->
        <test-method status="PASS" signature="setup(java.lang.String)[pri:0, instance:org.com.friday.carlookup.scripts.PositiveScenario@21f9277b]" name="setup" is-config="true" duration-ms="10064" started-at="2020-03-17T11:31:52Z" finished-at="2020-03-17T11:32:02Z">
          <params>
            <param index="0">
              <value>
                <![CDATA[chrome]]>
              </value>
            </param>
          </params>
          <reporter-output>
          </reporter-output>
        </test-method> <!-- setup -->
        <test-method status="PASS" signature="CarLookupPositive(java.lang.String, java.lang.String, java.lang.String, java.lang.String, java.lang.String, java.lang.String, java.lang.String, java.lang.String, java.lang.String, java.lang.String, java.lang.String)[pri:0, instance:org.com.friday.carlookup.scripts.PositiveScenario@21f9277b]" name="CarLookupPositive" duration-ms="20629" started-at="2020-03-17T11:32:02Z" data-provider="data-provider" finished-at="2020-03-17T11:32:23Z">
          <params>
            <param index="0">
              <value>
                <![CDATA[CarLookupPositive]]>
              </value>
            </param>
            <param index="1">
              <value>
                <![CDATA[Audi]]>
              </value>
            </param>
            <param index="2">
              <value>
                <![CDATA[Allroad Quattro]]>
              </value>
            </param>
            <param index="3">
              <value>
                <![CDATA[NA]]>
              </value>
            </param>
            <param index="4">
              <value>
                <![CDATA[Diesel]]>
              </value>
            </param>
            <param index="5">
              <value>
                <![CDATA[210 kW / 286 PS]]>
              </value>
            </param>
            <param index="6">
              <value>
                <![CDATA[A6 AVANT / ALLROAD 50 TDI QUATTRO]]>
              </value>
            </param>
            <param index="7">
              <value>
                <![CDATA[HSN: 0588, TSN: BNH]]>
              </value>
            </param>
            <param index="8">
              <value>
                <![CDATA[05]]>
              </value>
            </param>
            <param index="9">
              <value>
                <![CDATA[2019]]>
              </value>
            </param>
            <param index="10">
              <value>
                <![CDATA[N|Y|N]]>
              </value>
            </param>
          </params>
          <reporter-output>
            <line>
              <![CDATA[Inside clickOnLandingbanner method]]>
            </line>
            <line>
              <![CDATA[Inside selectPreCondition method]]>
            </line>
            <line>
              <![CDATA[Inside clickOnSubmit method]]>
            </line>
            <line>
              <![CDATA[Inside selectRegisteredOwner method]]>
            </line>
            <line>
              <![CDATA[Inside clickOnSubmit method]]>
            </line>
            <line>
              <![CDATA[Inside selectVehicle method]]>
            </line>
            <line>
              <![CDATA[Inside clickOnSubmit method]]>
            </line>
          </reporter-output>
        </test-method> <!-- CarLookupPositive -->
        <test-method status="PASS" signature="tearDown(org.testng.ITestResult)[pri:0, instance:org.com.friday.carlookup.scripts.PositiveScenario@21f9277b]" name="tearDown" is-config="true" duration-ms="199" started-at="2020-03-17T11:32:23Z" finished-at="2020-03-17T11:32:23Z">
          <params>
            <param index="0">
              <value>
                <![CDATA[[TestResult name=CarLookupPositive status=SUCCESS method=PositiveScenario.CarLookupPositive(java.lang.String, java.lang.String, java.lang.String, java.lang.String, java.lang.String, java.lang.String, java.lang.String, java.lang.String, java.lang.String, java.lang.String, java.lang.String)[pri:0, instance:org.com.friday.carlookup.scripts.PositiveScenario@21f9277b] output=Inside clickOnLandingbanner method]]]>
              </value>
            </param>
          </params>
          <reporter-output>
          </reporter-output>
        </test-method> <!-- tearDown -->
        <test-method status="PASS" signature="setup(java.lang.String)[pri:0, instance:org.com.friday.carlookup.scripts.PositiveScenario@21f9277b]" name="setup" is-config="true" duration-ms="9919" started-at="2020-03-17T11:32:23Z" finished-at="2020-03-17T11:32:33Z">
          <params>
            <param index="0">
              <value>
                <![CDATA[chrome]]>
              </value>
            </param>
          </params>
          <reporter-output>
          </reporter-output>
        </test-method> <!-- setup -->
        <test-method status="PASS" signature="CarLookupPositive(java.lang.String, java.lang.String, java.lang.String, java.lang.String, java.lang.String, java.lang.String, java.lang.String, java.lang.String, java.lang.String, java.lang.String, java.lang.String)[pri:0, instance:org.com.friday.carlookup.scripts.PositiveScenario@21f9277b]" name="CarLookupPositive" duration-ms="23162" started-at="2020-03-17T11:32:33Z" data-provider="data-provider" finished-at="2020-03-17T11:32:56Z">
          <params>
            <param index="0">
              <value>
                <![CDATA[CarLookupPositive]]>
              </value>
            </param>
            <param index="1">
              <value>
                <![CDATA[BMW]]>
              </value>
            </param>
            <param index="2">
              <value>
                <![CDATA[1er]]>
              </value>
            </param>
            <param index="3">
              <value>
                <![CDATA[Limousine]]>
              </value>
            </param>
            <param index="4">
              <value>
                <![CDATA[Benzin]]>
              </value>
            </param>
            <param index="5">
              <value>
                <![CDATA[90 kW / 122 PS]]>
              </value>
            </param>
            <param index="6">
              <value>
                <![CDATA[116I]]>
              </value>
            </param>
            <param index="7">
              <value>
                <![CDATA[HSN: 0005, TSN: ARE]]>
              </value>
            </param>
            <param index="8">
              <value>
                <![CDATA[05]]>
              </value>
            </param>
            <param index="9">
              <value>
                <![CDATA[2019]]>
              </value>
            </param>
            <param index="10">
              <value>
                <![CDATA[N|N|N]]>
              </value>
            </param>
          </params>
          <reporter-output>
            <line>
              <![CDATA[Inside clickOnLandingbanner method]]>
            </line>
            <line>
              <![CDATA[Inside selectPreCondition method]]>
            </line>
            <line>
              <![CDATA[Inside clickOnSubmit method]]>
            </line>
            <line>
              <![CDATA[Inside selectRegisteredOwner method]]>
            </line>
            <line>
              <![CDATA[Inside clickOnSubmit method]]>
            </line>
            <line>
              <![CDATA[Inside selectVehicle method]]>
            </line>
            <line>
              <![CDATA[Inside clickOnSubmit method]]>
            </line>
          </reporter-output>
        </test-method> <!-- CarLookupPositive -->
        <test-method status="PASS" signature="tearDown(org.testng.ITestResult)[pri:0, instance:org.com.friday.carlookup.scripts.PositiveScenario@21f9277b]" name="tearDown" is-config="true" duration-ms="180" started-at="2020-03-17T11:32:56Z" finished-at="2020-03-17T11:32:56Z">
          <params>
            <param index="0">
              <value>
                <![CDATA[[TestResult name=CarLookupPositive status=SUCCESS method=PositiveScenario.CarLookupPositive(java.lang.String, java.lang.String, java.lang.String, java.lang.String, java.lang.String, java.lang.String, java.lang.String, java.lang.String, java.lang.String, java.lang.String, java.lang.String)[pri:0, instance:org.com.friday.carlookup.scripts.PositiveScenario@21f9277b] output=Inside clickOnLandingbanner method]]]>
              </value>
            </param>
          </params>
          <reporter-output>
          </reporter-output>
        </test-method> <!-- tearDown -->
        <test-method status="PASS" signature="setup(java.lang.String)[pri:0, instance:org.com.friday.carlookup.scripts.PositiveScenario@21f9277b]" name="setup" is-config="true" duration-ms="10152" started-at="2020-03-17T11:32:56Z" finished-at="2020-03-17T11:33:06Z">
          <params>
            <param index="0">
              <value>
                <![CDATA[chrome]]>
              </value>
            </param>
          </params>
          <reporter-output>
          </reporter-output>
        </test-method> <!-- setup -->
        <test-method status="PASS" signature="CarLookupPositive(java.lang.String, java.lang.String, java.lang.String, java.lang.String, java.lang.String, java.lang.String, java.lang.String, java.lang.String, java.lang.String, java.lang.String, java.lang.String)[pri:0, instance:org.com.friday.carlookup.scripts.PositiveScenario@21f9277b]" name="CarLookupPositive" duration-ms="21510" started-at="2020-03-17T11:33:06Z" data-provider="data-provider" finished-at="2020-03-17T11:33:28Z">
          <params>
            <param index="0">
              <value>
                <![CDATA[CarLookupPositive]]>
              </value>
            </param>
            <param index="1">
              <value>
                <![CDATA[BMW]]>
              </value>
            </param>
            <param index="2">
              <value>
                <![CDATA[X1]]>
              </value>
            </param>
            <param index="3">
              <value>
                <![CDATA[NA]]>
              </value>
            </param>
            <param index="4">
              <value>
                <![CDATA[Diesel]]>
              </value>
            </param>
            <param index="5">
              <value>
                <![CDATA[105 kW / 143 PS]]>
              </value>
            </param>
            <param index="6">
              <value>
                <![CDATA[X1 XDRIVE 18D]]>
              </value>
            </param>
            <param index="7">
              <value>
                <![CDATA[HSN: 0005, TSN: AQA]]>
              </value>
            </param>
            <param index="8">
              <value>
                <![CDATA[05]]>
              </value>
            </param>
            <param index="9">
              <value>
                <![CDATA[2019]]>
              </value>
            </param>
            <param index="10">
              <value>
                <![CDATA[Y|Y|N]]>
              </value>
            </param>
          </params>
          <reporter-output>
            <line>
              <![CDATA[Inside clickOnLandingbanner method]]>
            </line>
            <line>
              <![CDATA[Inside selectPreCondition method]]>
            </line>
            <line>
              <![CDATA[Inside clickOnSubmit method]]>
            </line>
            <line>
              <![CDATA[Inside selectRegisteredOwner method]]>
            </line>
            <line>
              <![CDATA[Inside clickOnSubmit method]]>
            </line>
            <line>
              <![CDATA[Inside selectVehicle method]]>
            </line>
            <line>
              <![CDATA[Inside clickOnSubmit method]]>
            </line>
          </reporter-output>
        </test-method> <!-- CarLookupPositive -->
        <test-method status="PASS" signature="tearDown(org.testng.ITestResult)[pri:0, instance:org.com.friday.carlookup.scripts.PositiveScenario@21f9277b]" name="tearDown" is-config="true" duration-ms="4118" started-at="2020-03-17T11:33:28Z" finished-at="2020-03-17T11:33:32Z">
          <params>
            <param index="0">
              <value>
                <![CDATA[[TestResult name=CarLookupPositive status=SUCCESS method=PositiveScenario.CarLookupPositive(java.lang.String, java.lang.String, java.lang.String, java.lang.String, java.lang.String, java.lang.String, java.lang.String, java.lang.String, java.lang.String, java.lang.String, java.lang.String)[pri:0, instance:org.com.friday.carlookup.scripts.PositiveScenario@21f9277b] output=Inside clickOnLandingbanner method]]]>
              </value>
            </param>
          </params>
          <reporter-output>
          </reporter-output>
        </test-method> <!-- tearDown -->
        <test-method status="PASS" signature="setup(java.lang.String)[pri:0, instance:org.com.friday.carlookup.scripts.PositiveScenario@21f9277b]" name="setup" is-config="true" duration-ms="9910" started-at="2020-03-17T11:33:32Z" finished-at="2020-03-17T11:33:42Z">
          <params>
            <param index="0">
              <value>
                <![CDATA[chrome]]>
              </value>
            </param>
          </params>
          <reporter-output>
          </reporter-output>
        </test-method> <!-- setup -->
        <test-method status="PASS" signature="CarLookupPositive(java.lang.String, java.lang.String, java.lang.String, java.lang.String, java.lang.String, java.lang.String, java.lang.String, java.lang.String, java.lang.String, java.lang.String, java.lang.String)[pri:0, instance:org.com.friday.carlookup.scripts.PositiveScenario@21f9277b]" name="CarLookupPositive" duration-ms="20054" started-at="2020-03-17T11:33:42Z" data-provider="data-provider" finished-at="2020-03-17T11:34:02Z">
          <params>
            <param index="0">
              <value>
                <![CDATA[CarLookupPositive]]>
              </value>
            </param>
            <param index="1">
              <value>
                <![CDATA[BMW]]>
              </value>
            </param>
            <param index="2">
              <value>
                <![CDATA[X6]]>
              </value>
            </param>
            <param index="3">
              <value>
                <![CDATA[NA]]>
              </value>
            </param>
            <param index="4">
              <value>
                <![CDATA[Hybrid]]>
              </value>
            </param>
            <param index="5">
              <value>
                <![CDATA[NA]]>
              </value>
            </param>
            <param index="6">
              <value>
                <![CDATA[X6 HYBRID]]>
              </value>
            </param>
            <param index="7">
              <value>
                <![CDATA[HSN: 0005, TSN: AQC]]>
              </value>
            </param>
            <param index="8">
              <value>
                <![CDATA[07]]>
              </value>
            </param>
            <param index="9">
              <value>
                <![CDATA[2019]]>
              </value>
            </param>
            <param index="10">
              <value>
                <![CDATA[Y|Y|N]]>
              </value>
            </param>
          </params>
          <reporter-output>
            <line>
              <![CDATA[Inside clickOnLandingbanner method]]>
            </line>
            <line>
              <![CDATA[Inside selectPreCondition method]]>
            </line>
            <line>
              <![CDATA[Inside clickOnSubmit method]]>
            </line>
            <line>
              <![CDATA[Inside selectRegisteredOwner method]]>
            </line>
            <line>
              <![CDATA[Inside clickOnSubmit method]]>
            </line>
            <line>
              <![CDATA[Inside selectVehicle method]]>
            </line>
            <line>
              <![CDATA[Inside clickOnSubmit method]]>
            </line>
          </reporter-output>
        </test-method> <!-- CarLookupPositive -->
        <test-method status="PASS" signature="tearDown(org.testng.ITestResult)[pri:0, instance:org.com.friday.carlookup.scripts.PositiveScenario@21f9277b]" name="tearDown" is-config="true" duration-ms="4127" started-at="2020-03-17T11:34:02Z" finished-at="2020-03-17T11:34:06Z">
          <params>
            <param index="0">
              <value>
                <![CDATA[[TestResult name=CarLookupPositive status=SUCCESS method=PositiveScenario.CarLookupPositive(java.lang.String, java.lang.String, java.lang.String, java.lang.String, java.lang.String, java.lang.String, java.lang.String, java.lang.String, java.lang.String, java.lang.String, java.lang.String)[pri:0, instance:org.com.friday.carlookup.scripts.PositiveScenario@21f9277b] output=Inside clickOnLandingbanner method]]]>
              </value>
            </param>
          </params>
          <reporter-output>
          </reporter-output>
        </test-method> <!-- tearDown -->
        <test-method status="PASS" signature="setup(java.lang.String)[pri:0, instance:org.com.friday.carlookup.scripts.PositiveScenario@21f9277b]" name="setup" is-config="true" duration-ms="10082" started-at="2020-03-17T11:34:06Z" finished-at="2020-03-17T11:34:16Z">
          <params>
            <param index="0">
              <value>
                <![CDATA[chrome]]>
              </value>
            </param>
          </params>
          <reporter-output>
          </reporter-output>
        </test-method> <!-- setup -->
        <test-method status="PASS" signature="CarLookupPositive(java.lang.String, java.lang.String, java.lang.String, java.lang.String, java.lang.String, java.lang.String, java.lang.String, java.lang.String, java.lang.String, java.lang.String, java.lang.String)[pri:0, instance:org.com.friday.carlookup.scripts.PositiveScenario@21f9277b]" name="CarLookupPositive" duration-ms="22337" started-at="2020-03-17T11:34:16Z" data-provider="data-provider" finished-at="2020-03-17T11:34:39Z">
          <params>
            <param index="0">
              <value>
                <![CDATA[CarLookupPositive]]>
              </value>
            </param>
            <param index="1">
              <value>
                <![CDATA[FORD]]>
              </value>
            </param>
            <param index="2">
              <value>
                <![CDATA[Focus]]>
              </value>
            </param>
            <param index="3">
              <value>
                <![CDATA[Kombi]]>
              </value>
            </param>
            <param index="4">
              <value>
                <![CDATA[Gas]]>
              </value>
            </param>
            <param index="5">
              <value>
                <![CDATA[107 kW / 145 PS]]>
              </value>
            </param>
            <param index="6">
              <value>
                <![CDATA[FOCUS TURNIER 2.0]]>
              </value>
            </param>
            <param index="7">
              <value>
                <![CDATA[HSN: 8566, TSN: ABB]]>
              </value>
            </param>
            <param index="8">
              <value>
                <![CDATA[06]]>
              </value>
            </param>
            <param index="9">
              <value>
                <![CDATA[2018]]>
              </value>
            </param>
            <param index="10">
              <value>
                <![CDATA[N|Y|N]]>
              </value>
            </param>
          </params>
          <reporter-output>
            <line>
              <![CDATA[Inside clickOnLandingbanner method]]>
            </line>
            <line>
              <![CDATA[Inside selectPreCondition method]]>
            </line>
            <line>
              <![CDATA[Inside clickOnSubmit method]]>
            </line>
            <line>
              <![CDATA[Inside selectRegisteredOwner method]]>
            </line>
            <line>
              <![CDATA[Inside clickOnSubmit method]]>
            </line>
            <line>
              <![CDATA[Inside selectVehicle method]]>
            </line>
            <line>
              <![CDATA[Inside clickOnSubmit method]]>
            </line>
          </reporter-output>
        </test-method> <!-- CarLookupPositive -->
        <test-method status="PASS" signature="tearDown(org.testng.ITestResult)[pri:0, instance:org.com.friday.carlookup.scripts.PositiveScenario@21f9277b]" name="tearDown" is-config="true" duration-ms="203" started-at="2020-03-17T11:34:39Z" finished-at="2020-03-17T11:34:39Z">
          <params>
            <param index="0">
              <value>
                <![CDATA[[TestResult name=CarLookupPositive status=SUCCESS method=PositiveScenario.CarLookupPositive(java.lang.String, java.lang.String, java.lang.String, java.lang.String, java.lang.String, java.lang.String, java.lang.String, java.lang.String, java.lang.String, java.lang.String, java.lang.String)[pri:0, instance:org.com.friday.carlookup.scripts.PositiveScenario@21f9277b] output=Inside clickOnLandingbanner method]]]>
              </value>
            </param>
          </params>
          <reporter-output>
          </reporter-output>
        </test-method> <!-- tearDown -->
        <test-method status="PASS" signature="setup(java.lang.String)[pri:0, instance:org.com.friday.carlookup.scripts.PositiveScenario@21f9277b]" name="setup" is-config="true" duration-ms="10960" started-at="2020-03-17T11:34:39Z" finished-at="2020-03-17T11:34:50Z">
          <params>
            <param index="0">
              <value>
                <![CDATA[chrome]]>
              </value>
            </param>
          </params>
          <reporter-output>
          </reporter-output>
        </test-method> <!-- setup -->
        <test-method status="PASS" signature="CarLookupPositive(java.lang.String, java.lang.String, java.lang.String, java.lang.String, java.lang.String, java.lang.String, java.lang.String, java.lang.String, java.lang.String, java.lang.String, java.lang.String)[pri:0, instance:org.com.friday.carlookup.scripts.PositiveScenario@21f9277b]" name="CarLookupPositive" duration-ms="21033" started-at="2020-03-17T11:34:50Z" data-provider="data-provider" finished-at="2020-03-17T11:35:11Z">
          <params>
            <param index="0">
              <value>
                <![CDATA[CarLookupPositive]]>
              </value>
            </param>
            <param index="1">
              <value>
                <![CDATA[FORD]]>
              </value>
            </param>
            <param index="2">
              <value>
                <![CDATA[Mustang]]>
              </value>
            </param>
            <param index="3">
              <value>
                <![CDATA[NA]]>
              </value>
            </param>
            <param index="4">
              <value>
                <![CDATA[NA]]>
              </value>
            </param>
            <param index="5">
              <value>
                <![CDATA[310 kW / 421 PS]]>
              </value>
            </param>
            <param index="6">
              <value>
                <![CDATA[MUSTANG 5.0 GT]]>
              </value>
            </param>
            <param index="7">
              <value>
                <![CDATA[HSN: 1028, TSN: AAB]]>
              </value>
            </param>
            <param index="8">
              <value>
                <![CDATA[03]]>
              </value>
            </param>
            <param index="9">
              <value>
                <![CDATA[2018]]>
              </value>
            </param>
            <param index="10">
              <value>
                <![CDATA[N|N|N]]>
              </value>
            </param>
          </params>
          <reporter-output>
            <line>
              <![CDATA[Inside clickOnLandingbanner method]]>
            </line>
            <line>
              <![CDATA[Inside selectPreCondition method]]>
            </line>
            <line>
              <![CDATA[Inside clickOnSubmit method]]>
            </line>
            <line>
              <![CDATA[Inside selectRegisteredOwner method]]>
            </line>
            <line>
              <![CDATA[Inside clickOnSubmit method]]>
            </line>
            <line>
              <![CDATA[Inside selectVehicle method]]>
            </line>
            <line>
              <![CDATA[Inside clickOnSubmit method]]>
            </line>
          </reporter-output>
        </test-method> <!-- CarLookupPositive -->
        <test-method status="PASS" signature="tearDown(org.testng.ITestResult)[pri:0, instance:org.com.friday.carlookup.scripts.PositiveScenario@21f9277b]" name="tearDown" is-config="true" duration-ms="4110" started-at="2020-03-17T11:35:11Z" finished-at="2020-03-17T11:35:15Z">
          <params>
            <param index="0">
              <value>
                <![CDATA[[TestResult name=CarLookupPositive status=SUCCESS method=PositiveScenario.CarLookupPositive(java.lang.String, java.lang.String, java.lang.String, java.lang.String, java.lang.String, java.lang.String, java.lang.String, java.lang.String, java.lang.String, java.lang.String, java.lang.String)[pri:0, instance:org.com.friday.carlookup.scripts.PositiveScenario@21f9277b] output=Inside clickOnLandingbanner method]]]>
              </value>
            </param>
          </params>
          <reporter-output>
          </reporter-output>
        </test-method> <!-- tearDown -->
        <test-method status="PASS" signature="setup(java.lang.String)[pri:0, instance:org.com.friday.carlookup.scripts.PositiveScenario@21f9277b]" name="setup" is-config="true" duration-ms="9833" started-at="2020-03-17T11:35:15Z" finished-at="2020-03-17T11:35:25Z">
          <params>
            <param index="0">
              <value>
                <![CDATA[chrome]]>
              </value>
            </param>
          </params>
          <reporter-output>
          </reporter-output>
        </test-method> <!-- setup -->
        <test-method status="PASS" signature="CarLookupPositive(java.lang.String, java.lang.String, java.lang.String, java.lang.String, java.lang.String, java.lang.String, java.lang.String, java.lang.String, java.lang.String, java.lang.String, java.lang.String)[pri:0, instance:org.com.friday.carlookup.scripts.PositiveScenario@21f9277b]" name="CarLookupPositive" duration-ms="22754" started-at="2020-03-17T11:35:25Z" data-provider="data-provider" finished-at="2020-03-17T11:35:47Z">
          <params>
            <param index="0">
              <value>
                <![CDATA[CarLookupPositive]]>
              </value>
            </param>
            <param index="1">
              <value>
                <![CDATA[FORD]]>
              </value>
            </param>
            <param index="2">
              <value>
                <![CDATA[Transit]]>
              </value>
            </param>
            <param index="3">
              <value>
                <![CDATA[Kasten]]>
              </value>
            </param>
            <param index="4">
              <value>
                <![CDATA[Benzin]]>
              </value>
            </param>
            <param index="5">
              <value>
                <![CDATA[107 kW / 145 PS]]>
              </value>
            </param>
            <param index="6">
              <value>
                <![CDATA[TRANSIT KOMBI/VAN 2.3]]>
              </value>
            </param>
            <param index="7">
              <value>
                <![CDATA[HSN: 8566, TSN: 430]]>
              </value>
            </param>
            <param index="8">
              <value>
                <![CDATA[05]]>
              </value>
            </param>
            <param index="9">
              <value>
                <![CDATA[2019]]>
              </value>
            </param>
            <param index="10">
              <value>
                <![CDATA[Y|Y|N]]>
              </value>
            </param>
          </params>
          <reporter-output>
            <line>
              <![CDATA[Inside clickOnLandingbanner method]]>
            </line>
            <line>
              <![CDATA[Inside selectPreCondition method]]>
            </line>
            <line>
              <![CDATA[Inside clickOnSubmit method]]>
            </line>
            <line>
              <![CDATA[Inside selectRegisteredOwner method]]>
            </line>
            <line>
              <![CDATA[Inside clickOnSubmit method]]>
            </line>
            <line>
              <![CDATA[Inside selectVehicle method]]>
            </line>
            <line>
              <![CDATA[Inside clickOnSubmit method]]>
            </line>
          </reporter-output>
        </test-method> <!-- CarLookupPositive -->
        <test-method status="PASS" signature="tearDown(org.testng.ITestResult)[pri:0, instance:org.com.friday.carlookup.scripts.PositiveScenario@21f9277b]" name="tearDown" is-config="true" duration-ms="199" started-at="2020-03-17T11:35:47Z" finished-at="2020-03-17T11:35:48Z">
          <params>
            <param index="0">
              <value>
                <![CDATA[[TestResult name=CarLookupPositive status=SUCCESS method=PositiveScenario.CarLookupPositive(java.lang.String, java.lang.String, java.lang.String, java.lang.String, java.lang.String, java.lang.String, java.lang.String, java.lang.String, java.lang.String, java.lang.String, java.lang.String)[pri:0, instance:org.com.friday.carlookup.scripts.PositiveScenario@21f9277b] output=Inside clickOnLandingbanner method]]]>
              </value>
            </param>
          </params>
          <reporter-output>
          </reporter-output>
        </test-method> <!-- tearDown -->
      </class> <!-- org.com.friday.carlookup.scripts.PositiveScenario -->
      <class name="org.com.friday.carlookup.scripts.NegativeScenario">
        <test-method status="PASS" signature="setup(java.lang.String)[pri:0, instance:org.com.friday.carlookup.scripts.NegativeScenario@5e3a39cd]" name="setup" is-config="true" duration-ms="16763" started-at="2020-03-17T11:29:10Z" finished-at="2020-03-17T11:29:26Z">
          <params>
            <param index="0">
              <value>
                <![CDATA[chrome]]>
              </value>
            </param>
          </params>
          <reporter-output>
          </reporter-output>
        </test-method> <!-- setup -->
        <test-method status="PASS" signature="Negative_InvalidHSNTSN()[pri:0, instance:org.com.friday.carlookup.scripts.NegativeScenario@5e3a39cd]" name="Negative_InvalidHSNTSN" duration-ms="18860" started-at="2020-03-17T11:29:26Z" finished-at="2020-03-17T11:29:45Z">
          <reporter-output>
            <line>
              <![CDATA[Inside Negative_InvalidHSNTSN method]]>
            </line>
            <line>
              <![CDATA[Inside clickOnLandingbanner method]]>
            </line>
            <line>
              <![CDATA[Inside selectPreCondition method]]>
            </line>
            <line>
              <![CDATA[Inside clickOnSubmit method]]>
            </line>
            <line>
              <![CDATA[Inside selectRegisteredOwner method]]>
            </line>
            <line>
              <![CDATA[Inside clickOnSubmit method]]>
            </line>
            <line>
              <![CDATA[Inside enterHSNTSN method]]>
            </line>
            <line>
              <![CDATA[Expected Message:::: Wir konnten kein passendes Fahrzeug ermitteln. Bitte gib nur PKW ein - keine Roller, Motorräder, LKW, Wohnmobile oder Anhänger.]]>
            </line>
            <line>
              <![CDATA[Actual Message:::: Wir konnten kein passendes Fahrzeug ermitteln. Bitte gib nur PKW ein - keine Roller, Motorräder, LKW, Wohnmobile oder Anhänger.]]>
            </line>
          </reporter-output>
        </test-method> <!-- Negative_InvalidHSNTSN -->
        <test-method status="PASS" signature="tearDown(org.testng.ITestResult)[pri:0, instance:org.com.friday.carlookup.scripts.NegativeScenario@5e3a39cd]" name="tearDown" is-config="true" duration-ms="268" started-at="2020-03-17T11:29:45Z" finished-at="2020-03-17T11:29:46Z">
          <params>
            <param index="0">
              <value>
                <![CDATA[[TestResult name=Negative_InvalidHSNTSN status=SUCCESS method=NegativeScenario.Negative_InvalidHSNTSN()[pri:0, instance:org.com.friday.carlookup.scripts.NegativeScenario@5e3a39cd] output=Inside Negative_InvalidHSNTSN method]]]>
              </value>
            </param>
          </params>
          <reporter-output>
          </reporter-output>
        </test-method> <!-- tearDown -->
        <test-method status="PASS" signature="setup(java.lang.String)[pri:0, instance:org.com.friday.carlookup.scripts.NegativeScenario@5e3a39cd]" name="setup" is-config="true" duration-ms="10005" started-at="2020-03-17T11:29:46Z" finished-at="2020-03-17T11:29:56Z">
          <params>
            <param index="0">
              <value>
                <![CDATA[chrome]]>
              </value>
            </param>
          </params>
          <reporter-output>
          </reporter-output>
        </test-method> <!-- setup -->
        <test-method status="PASS" signature="Negative_InvalidRegDate()[pri:0, instance:org.com.friday.carlookup.scripts.NegativeScenario@5e3a39cd]" name="Negative_InvalidRegDate" duration-ms="10086" started-at="2020-03-17T11:29:56Z" finished-at="2020-03-17T11:30:06Z">
          <reporter-output>
            <line>
              <![CDATA[Inside Negative_InvalidRegDate method]]>
            </line>
            <line>
              <![CDATA[Inside clickOnLandingbanner method]]>
            </line>
            <line>
              <![CDATA[Inside enterRegistrationDate method]]>
            </line>
            <line>
              <![CDATA[Expected Message:::: Hups! Dieses Datum liegt in der Vergangenheit. Bitte überprüfe deine Eingabe.]]>
            </line>
            <line>
              <![CDATA[Actual Message:::: Hups! Dieses Datum liegt in der Vergangenheit. Bitte überprüfe deine Eingabe.]]>
            </line>
          </reporter-output>
        </test-method> <!-- Negative_InvalidRegDate -->
        <test-method status="PASS" signature="tearDown(org.testng.ITestResult)[pri:0, instance:org.com.friday.carlookup.scripts.NegativeScenario@5e3a39cd]" name="tearDown" is-config="true" duration-ms="4166" started-at="2020-03-17T11:30:06Z" finished-at="2020-03-17T11:30:10Z">
          <params>
            <param index="0">
              <value>
                <![CDATA[[TestResult name=Negative_InvalidRegDate status=SUCCESS method=NegativeScenario.Negative_InvalidRegDate()[pri:0, instance:org.com.friday.carlookup.scripts.NegativeScenario@5e3a39cd] output=Inside Negative_InvalidRegDate method]]]>
              </value>
            </param>
          </params>
          <reporter-output>
          </reporter-output>
        </test-method> <!-- tearDown -->
        <test-method status="PASS" signature="setup(java.lang.String)[pri:0, instance:org.com.friday.carlookup.scripts.NegativeScenario@5e3a39cd]" name="setup" is-config="true" duration-ms="9740" started-at="2020-03-17T11:30:13Z" finished-at="2020-03-17T11:30:22Z">
          <params>
            <param index="0">
              <value>
                <![CDATA[chrome]]>
              </value>
            </param>
          </params>
          <reporter-output>
          </reporter-output>
        </test-method> <!-- setup -->
        <test-method status="PASS" signature="Negative_Under18DOB(java.lang.String, java.lang.String, java.lang.String, java.lang.String, java.lang.String, java.lang.String, java.lang.String, java.lang.String, java.lang.String, java.lang.String, java.lang.String)[pri:0, instance:org.com.friday.carlookup.scripts.NegativeScenario@5e3a39cd]" name="Negative_Under18DOB" duration-ms="23496" started-at="2020-03-17T11:30:22Z" data-provider="data-provider" finished-at="2020-03-17T11:30:46Z">
          <params>
            <param index="0">
              <value>
                <![CDATA[Negative_Under18DOB]]>
              </value>
            </param>
            <param index="1">
              <value>
                <![CDATA[Audi]]>
              </value>
            </param>
            <param index="2">
              <value>
                <![CDATA[Q5]]>
              </value>
            </param>
            <param index="3">
              <value>
                <![CDATA[NA]]>
              </value>
            </param>
            <param index="4">
              <value>
                <![CDATA[Benzin]]>
              </value>
            </param>
            <param index="5">
              <value>
                <![CDATA[132 kW / 179 PS]]>
              </value>
            </param>
            <param index="6">
              <value>
                <![CDATA[Q5 2.0 TFSI QUATTRO]]>
              </value>
            </param>
            <param index="7">
              <value>
                <![CDATA[HSN: 0588, TSN: ALG]]>
              </value>
            </param>
            <param index="8">
              <value>
                <![CDATA[02]]>
              </value>
            </param>
            <param index="9">
              <value>
                <![CDATA[2018]]>
              </value>
            </param>
            <param index="10">
              <value>
                <![CDATA[Y|Y|N]]>
              </value>
            </param>
          </params>
          <reporter-output>
            <line>
              <![CDATA[Inside Negative_Under18DOB method]]>
            </line>
            <line>
              <![CDATA[Inside clickOnLandingbanner method]]>
            </line>
            <line>
              <![CDATA[Inside selectPreCondition method]]>
            </line>
            <line>
              <![CDATA[Inside clickOnSubmit method]]>
            </line>
            <line>
              <![CDATA[Inside selectRegisteredOwner method]]>
            </line>
            <line>
              <![CDATA[Inside clickOnSubmit method]]>
            </line>
            <line>
              <![CDATA[Inside selectVehicle method]]>
            </line>
            <line>
              <![CDATA[Inside clickOnSubmit method]]>
            </line>
            <line>
              <![CDATA[Inside validateAgeCriteria method]]>
            </line>
            <line>
              <![CDATA[Expected Message:::: Wir können keine Personen versichern, die jünger als 18 Jahre sind.]]>
            </line>
            <line>
              <![CDATA[Actual Message:::: Wir können keine Personen versichern, die jünger als 18 Jahre sind.]]>
            </line>
          </reporter-output>
        </test-method> <!-- Negative_Under18DOB -->
        <test-method status="PASS" signature="tearDown(org.testng.ITestResult)[pri:0, instance:org.com.friday.carlookup.scripts.NegativeScenario@5e3a39cd]" name="tearDown" is-config="true" duration-ms="177" started-at="2020-03-17T11:30:46Z" finished-at="2020-03-17T11:30:46Z">
          <params>
            <param index="0">
              <value>
                <![CDATA[[TestResult name=Negative_Under18DOB status=SUCCESS method=NegativeScenario.Negative_Under18DOB(java.lang.String, java.lang.String, java.lang.String, java.lang.String, java.lang.String, java.lang.String, java.lang.String, java.lang.String, java.lang.String, java.lang.String, java.lang.String)[pri:0, instance:org.com.friday.carlookup.scripts.NegativeScenario@5e3a39cd] output=Inside Negative_Under18DOB method]]]>
              </value>
            </param>
          </params>
          <reporter-output>
          </reporter-output>
        </test-method> <!-- tearDown -->
      </class> <!-- org.com.friday.carlookup.scripts.NegativeScenario -->
    </test> <!-- TestngTests -->
  </suite> <!-- BookingTests -->
</testng-results>
